[debug] [2020-05-08T10:01:57.198Z] ----------------------------------------------------------------------
[debug] [2020-05-08T10:01:57.203Z] Command:       /usr/bin/node /home/hobochild/Code/tema/node_modules/.bin/firebase emulators:start
[debug] [2020-05-08T10:01:57.204Z] CLI Version:   8.2.0
[debug] [2020-05-08T10:01:57.204Z] Platform:      linux
[debug] [2020-05-08T10:01:57.205Z] Node Version:  v10.15.2
[debug] [2020-05-08T10:01:57.205Z] Time:          Fri May 08 2020 12:01:57 GMT+0200 (South Africa Standard Time)
[debug] [2020-05-08T10:01:57.205Z] ----------------------------------------------------------------------
[debug] [2020-05-08T10:01:57.206Z] 
[debug] [2020-05-08T10:01:57.221Z] > command requires scopes: ["email","openid","https://www.googleapis.com/auth/cloudplatformprojects.readonly","https://www.googleapis.com/auth/firebase","https://www.googleapis.com/auth/cloud-platform"]
[debug] [2020-05-08T10:01:57.221Z] > authorizing via signed-in user
[info] i  emulators: Starting emulators: functions
[debug] [2020-05-08T10:01:57.342Z] [hub] writing locator at /tmp/hub-dolos-1.json
[info] ✔  hub: emulator hub started at http://localhost:4400
[warn] ⚠  Your requested "node" version "8" doesn't match your global version "10"
[info] ✔  functions: functions emulator started at http://localhost:5001
[info] i  functions: Watching "/home/hobochild/Code/tema/functions" for Cloud Functions...
[debug] [2020-05-08T10:01:57.437Z] [worker-pool] addWorker(~diagnostic~) 
[debug] [2020-05-08T10:01:57.438Z] [worker-pool] Adding worker with key ~diagnostic~, total=1 
[debug] [2020-05-08T10:01:57.438Z] [worker-pool] submitWork(triggerId=) 
[debug] [2020-05-08T10:01:57.440Z] [worker-~diagnostic~-f0b50600-a338-4f84-99f0-f01a26310114]: Assigning socketPath: /tmp/fire_emu_13660.sock 
[debug] [2020-05-08T10:01:57.442Z] [worker-~diagnostic~-f0b50600-a338-4f84-99f0-f01a26310114]: BUSY 
[debug] [2020-05-08T10:01:58.831Z] [runtime-status] [13660] Functions runtime initialized. {"cwd":"/home/hobochild/Code/tema/functions","node_version":"10.15.2"} 
[debug] [2020-05-08T10:01:58.834Z] [runtime-status] [13660] Disabled runtime features: undefined 
[debug] [2020-05-08T10:01:58.841Z] [runtime-status] [13660] Resolved module firebase-admin {"declared":true,"installed":true,"version":"8.12.0","resolution":"/home/hobochild/Code/tema/functions/node_modules/firebase-admin/lib/index.js"} 
[debug] [2020-05-08T10:01:58.843Z] [runtime-status] [13660] Resolved module firebase-functions {"declared":true,"installed":true,"version":"3.6.1","resolution":"/home/hobochild/Code/tema/functions/node_modules/firebase-functions/lib/index.js"} 
[debug] [2020-05-08T10:01:58.854Z] [runtime-status] [13660] Outgoing network have been stubbed. [{"name":"http","status":"mocked"},{"name":"http","status":"mocked"},{"name":"https","status":"mocked"},{"name":"https","status":"mocked"},{"name":"net","status":"mocked"}] 
[debug] [2020-05-08T10:01:58.949Z] [runtime-status] [13660] Checked functions.config() {"config":{}} 
[debug] [2020-05-08T10:01:58.951Z] [runtime-status] [13660] Resolved module firebase-functions {"declared":true,"installed":true,"version":"3.6.1","resolution":"/home/hobochild/Code/tema/functions/node_modules/firebase-functions/lib/index.js"} 
[debug] [2020-05-08T10:01:58.954Z] [runtime-status] [13660] Resolved module firebase-admin {"declared":true,"installed":true,"version":"8.12.0","resolution":"/home/hobochild/Code/tema/functions/node_modules/firebase-admin/lib/index.js"} 
[debug] [2020-05-08T10:01:58.955Z] [runtime-status] [13660] Resolved module firebase-functions {"declared":true,"installed":true,"version":"3.6.1","resolution":"/home/hobochild/Code/tema/functions/node_modules/firebase-functions/lib/index.js"} 
[debug] [2020-05-08T10:01:58.955Z] [runtime-status] [13660] firebase-admin has been stubbed. {"adminResolution":{"declared":true,"installed":true,"version":"8.12.0","resolution":"/home/hobochild/Code/tema/functions/node_modules/firebase-admin/lib/index.js"}} 
[info] ✔  functions[helloWorld]: http function initialized (http://localhost:5001/dolos-1/us-central1/helloWorld).
[info] ✔  emulators: All emulators started, it is now safe to connect.
[debug] [2020-05-08T10:01:58.962Z] [worker-~diagnostic~-f0b50600-a338-4f84-99f0-f01a26310114]: IDLE 
[debug] [2020-05-08T10:02:15.107Z] [work-queue] {"queueLength":1,"workRunningCount":0}
[debug] [2020-05-08T10:02:15.108Z] [work-queue] {"queueLength":0,"workRunningCount":1}
[debug] [2020-05-08T10:02:15.111Z] Accepted request GET /dolos-1/us-central1/helloWorld --> helloWorld
[debug] [2020-05-08T10:02:15.129Z] [worker-pool] addWorker(helloWorld) 
[debug] [2020-05-08T10:02:15.130Z] [worker-pool] Adding worker with key helloWorld, total=1 
[debug] [2020-05-08T10:02:15.130Z] [worker-pool] submitWork(triggerId=helloWorld) 
[debug] [2020-05-08T10:02:15.131Z] [worker-helloWorld-2c34b26c-3069-403d-b613-04aebda037ac]: Assigning socketPath: /tmp/fire_emu_13734.sock 
[debug] [2020-05-08T10:02:15.131Z] [worker-helloWorld-2c34b26c-3069-403d-b613-04aebda037ac]: BUSY 
[debug] [2020-05-08T10:02:16.524Z] [runtime-status] [13734] Functions runtime initialized. {"cwd":"/home/hobochild/Code/tema/functions","node_version":"10.15.2"} 
[debug] [2020-05-08T10:02:16.529Z] [runtime-status] [13734] Disabled runtime features: undefined 
[debug] [2020-05-08T10:02:16.534Z] [runtime-status] [13734] Resolved module firebase-admin {"declared":true,"installed":true,"version":"8.12.0","resolution":"/home/hobochild/Code/tema/functions/node_modules/firebase-admin/lib/index.js"} 
[debug] [2020-05-08T10:02:16.537Z] [runtime-status] [13734] Resolved module firebase-functions {"declared":true,"installed":true,"version":"3.6.1","resolution":"/home/hobochild/Code/tema/functions/node_modules/firebase-functions/lib/index.js"} 
[debug] [2020-05-08T10:02:16.548Z] [runtime-status] [13734] Outgoing network have been stubbed. [{"name":"http","status":"mocked"},{"name":"http","status":"mocked"},{"name":"https","status":"mocked"},{"name":"https","status":"mocked"},{"name":"net","status":"mocked"}] 
[debug] [2020-05-08T10:02:16.645Z] [runtime-status] [13734] Checked functions.config() {"config":{}} 
[debug] [2020-05-08T10:02:16.647Z] [runtime-status] [13734] Resolved module firebase-functions {"declared":true,"installed":true,"version":"3.6.1","resolution":"/home/hobochild/Code/tema/functions/node_modules/firebase-functions/lib/index.js"} 
[debug] [2020-05-08T10:02:16.650Z] [runtime-status] [13734] Resolved module firebase-admin {"declared":true,"installed":true,"version":"8.12.0","resolution":"/home/hobochild/Code/tema/functions/node_modules/firebase-admin/lib/index.js"} 
[debug] [2020-05-08T10:02:16.651Z] [runtime-status] [13734] Resolved module firebase-functions {"declared":true,"installed":true,"version":"3.6.1","resolution":"/home/hobochild/Code/tema/functions/node_modules/firebase-functions/lib/index.js"} 
[debug] [2020-05-08T10:02:16.651Z] [runtime-status] [13734] firebase-admin has been stubbed. {"adminResolution":{"declared":true,"installed":true,"version":"8.12.0","resolution":"/home/hobochild/Code/tema/functions/node_modules/firebase-admin/lib/index.js"}} 
[debug] [2020-05-08T10:02:16.655Z] [runtime-status] [13734] Trigger "helloWorld" has been found, beginning invocation! 
[info] i  functions: Beginning execution of "helloWorld"
[debug] [2020-05-08T10:02:16.657Z] [runtime-status] [13734] triggerDefinition {"httpsTrigger":{},"name":"helloWorld","entryPoint":"helloWorld"} 
[debug] [2020-05-08T10:02:16.657Z] [runtime-status] [13734] Running helloWorld in mode HTTPS 
[debug] [2020-05-08T10:02:16.709Z] [runtime-status] [13734] Attempting to listen to socketPath: /tmp/fire_emu_13734.sock 
[debug] [2020-05-08T10:02:16.717Z] [functions] Runtime ready! Sending request! 
[debug] [2020-05-08T10:02:16.736Z] [runtime-status] [13734] Ephemeral server handling GET request 
[debug] [2020-05-08T10:02:16.752Z] [runtime-status] [13734] Ephemeral server survived. 
[info] i  functions: Finished "helloWorld" in ~1s
[debug] [2020-05-08T10:02:16.755Z] [worker-helloWorld-2c34b26c-3069-403d-b613-04aebda037ac]: IDLE 
[debug] [2020-05-08T10:02:16.756Z] [work-queue] {"queueLength":0,"workRunningCount":0}
[debug] [2020-05-08T10:02:27.031Z] [work-queue] {"queueLength":1,"workRunningCount":0}
[debug] [2020-05-08T10:02:27.032Z] [work-queue] {"queueLength":0,"workRunningCount":1}
[debug] [2020-05-08T10:02:27.032Z] Accepted request GET /dolos-1/us-central1/helloWorld --> helloWorld
[debug] [2020-05-08T10:02:27.033Z] [worker-pool] submitWork(triggerId=helloWorld) 
[debug] [2020-05-08T10:02:27.033Z] [worker-helloWorld-2c34b26c-3069-403d-b613-04aebda037ac]: Assigning socketPath: /tmp/fire_emu_13734.sock 
[debug] [2020-05-08T10:02:27.034Z] [worker-helloWorld-2c34b26c-3069-403d-b613-04aebda037ac]: BUSY 
[debug] [2020-05-08T10:02:27.035Z] [runtime-status] [13734] Trigger "helloWorld" has been found, beginning invocation! 
[info] i  functions: Beginning execution of "helloWorld"
[debug] [2020-05-08T10:02:27.037Z] [runtime-status] [13734] triggerDefinition {"httpsTrigger":{},"name":"helloWorld","entryPoint":"helloWorld"} 
[debug] [2020-05-08T10:02:27.037Z] [runtime-status] [13734] Running helloWorld in mode HTTPS 
[debug] [2020-05-08T10:02:27.038Z] [runtime-status] [13734] Attempting to listen to socketPath: /tmp/fire_emu_13734.sock 
[debug] [2020-05-08T10:02:27.041Z] [functions] Runtime ready! Sending request! 
[debug] [2020-05-08T10:02:27.056Z] [runtime-status] [13734] Ephemeral server handling GET request 
[debug] [2020-05-08T10:02:27.058Z] [runtime-status] [13734] Ephemeral server survived. 
[info] i  functions: Finished "helloWorld" in ~1s
[debug] [2020-05-08T10:02:27.060Z] [worker-helloWorld-2c34b26c-3069-403d-b613-04aebda037ac]: IDLE 
[debug] [2020-05-08T10:02:27.060Z] [work-queue] {"queueLength":0,"workRunningCount":0}
[debug] [2020-05-08T10:03:53.288Z] File /home/hobochild/Code/tema/functions/index.js changed, reloading triggers 
[debug] [2020-05-08T10:03:54.290Z] [worker-pool] Shutting down IDLE worker (~diagnostic~) 
[debug] [2020-05-08T10:03:54.290Z] [worker-~diagnostic~-f0b50600-a338-4f84-99f0-f01a26310114]: FINISHING 
[debug] [2020-05-08T10:03:54.293Z] [worker-pool] Shutting down IDLE worker (helloWorld) 
[debug] [2020-05-08T10:03:54.293Z] [worker-helloWorld-2c34b26c-3069-403d-b613-04aebda037ac]: FINISHING 
[debug] [2020-05-08T10:03:54.308Z] [worker-pool] addWorker(~diagnostic~) 
[debug] [2020-05-08T10:03:54.309Z] [worker-pool] Adding worker with key ~diagnostic~, total=2 
[debug] [2020-05-08T10:03:54.309Z] [worker-pool] submitWork(triggerId=) 
[debug] [2020-05-08T10:03:54.310Z] [worker-~diagnostic~-28c12231-15eb-49a5-8be5-052a5a7eb6a1]: Assigning socketPath: /tmp/fire_emu_14024.sock 
[debug] [2020-05-08T10:03:54.310Z] [worker-~diagnostic~-28c12231-15eb-49a5-8be5-052a5a7eb6a1]: BUSY 
[debug] [2020-05-08T10:03:54.314Z] [worker-~diagnostic~-f0b50600-a338-4f84-99f0-f01a26310114]: exited 
[debug] [2020-05-08T10:03:54.315Z] [worker-~diagnostic~-f0b50600-a338-4f84-99f0-f01a26310114]: FINISHED 
[debug] [2020-05-08T10:03:54.315Z] [worker-helloWorld-2c34b26c-3069-403d-b613-04aebda037ac]: exited 
[debug] [2020-05-08T10:03:54.315Z] [worker-helloWorld-2c34b26c-3069-403d-b613-04aebda037ac]: FINISHED 
[debug] [2020-05-08T10:03:55.679Z] [runtime-status] [14024] Functions runtime initialized. {"cwd":"/home/hobochild/Code/tema/functions","node_version":"10.15.2"} 
[debug] [2020-05-08T10:03:55.684Z] [runtime-status] [14024] Disabled runtime features: undefined 
[debug] [2020-05-08T10:03:55.689Z] [runtime-status] [14024] Resolved module firebase-admin {"declared":true,"installed":true,"version":"8.12.0","resolution":"/home/hobochild/Code/tema/functions/node_modules/firebase-admin/lib/index.js"} 
[debug] [2020-05-08T10:03:55.692Z] [runtime-status] [14024] Resolved module firebase-functions {"declared":true,"installed":true,"version":"3.6.1","resolution":"/home/hobochild/Code/tema/functions/node_modules/firebase-functions/lib/index.js"} 
[debug] [2020-05-08T10:03:55.703Z] [runtime-status] [14024] Outgoing network have been stubbed. [{"name":"http","status":"mocked"},{"name":"http","status":"mocked"},{"name":"https","status":"mocked"},{"name":"https","status":"mocked"},{"name":"net","status":"mocked"}] 
[debug] [2020-05-08T10:03:55.796Z] [runtime-status] [14024] Checked functions.config() {"config":{}} 
[debug] [2020-05-08T10:03:55.797Z] [runtime-status] [14024] Resolved module firebase-functions {"declared":true,"installed":true,"version":"3.6.1","resolution":"/home/hobochild/Code/tema/functions/node_modules/firebase-functions/lib/index.js"} 
[debug] [2020-05-08T10:03:55.800Z] [runtime-status] [14024] Resolved module firebase-admin {"declared":true,"installed":true,"version":"8.12.0","resolution":"/home/hobochild/Code/tema/functions/node_modules/firebase-admin/lib/index.js"} 
[debug] [2020-05-08T10:03:55.801Z] [runtime-status] [14024] Resolved module firebase-functions {"declared":true,"installed":true,"version":"3.6.1","resolution":"/home/hobochild/Code/tema/functions/node_modules/firebase-functions/lib/index.js"} 
[debug] [2020-05-08T10:03:55.801Z] [runtime-status] [14024] firebase-admin has been stubbed. {"adminResolution":{"declared":true,"installed":true,"version":"8.12.0","resolution":"/home/hobochild/Code/tema/functions/node_modules/firebase-admin/lib/index.js"}} 
[warn] ⚠  ReferenceError: myMiddleware is not defined
    at Object.<anonymous> (/home/hobochild/Code/tema/functions/index.js:10:9)
    at Module._compile (internal/modules/cjs/loader.js:689:30)
    at Object.Module._extensions..js (internal/modules/cjs/loader.js:700:10)
    at Module.load (internal/modules/cjs/loader.js:599:32)
    at tryModuleLoad (internal/modules/cjs/loader.js:538:12)
    at Function.Module._load (internal/modules/cjs/loader.js:530:3)
    at Module.require (internal/modules/cjs/loader.js:637:17)
    at require (internal/modules/cjs/helpers.js:22:18)
    at /home/hobochild/Code/tema/node_modules/firebase-tools/lib/emulator/functionsEmulatorRuntime.js:661:33
    at Generator.next (<anonymous>)
[warn] ⚠  We were unable to load your functions code. (see above)
[debug] [2020-05-08T10:03:56.019Z] [worker-~diagnostic~-28c12231-15eb-49a5-8be5-052a5a7eb6a1]: exited 
[debug] [2020-05-08T10:03:56.020Z] [worker-~diagnostic~-28c12231-15eb-49a5-8be5-052a5a7eb6a1]: FINISHED 
[debug] [2020-05-08T10:03:58.866Z] [work-queue] {"queueLength":1,"workRunningCount":0}
[debug] [2020-05-08T10:03:58.867Z] [work-queue] {"queueLength":0,"workRunningCount":1}
[debug] [2020-05-08T10:03:58.867Z] Accepted request GET /dolos-1/us-central1/helloWorld --> helloWorld
[debug] [2020-05-08T10:03:58.867Z] [worker-pool] Cleaned up workers for ~diagnostic~: 2 --> 0 
[debug] [2020-05-08T10:03:58.868Z] [worker-pool] Cleaned up workers for helloWorld: 1 --> 0 
[debug] [2020-05-08T10:03:58.878Z] [worker-pool] addWorker(helloWorld) 
[debug] [2020-05-08T10:03:58.879Z] [worker-pool] Adding worker with key helloWorld, total=1 
[debug] [2020-05-08T10:03:58.879Z] [worker-pool] submitWork(triggerId=helloWorld) 
[debug] [2020-05-08T10:03:58.880Z] [worker-helloWorld-f524642d-6cb6-4332-a914-f8d8340aebd6]: Assigning socketPath: /tmp/fire_emu_14034.sock 
[debug] [2020-05-08T10:03:58.880Z] [worker-helloWorld-f524642d-6cb6-4332-a914-f8d8340aebd6]: BUSY 
[debug] [2020-05-08T10:04:00.307Z] [runtime-status] [14034] Functions runtime initialized. {"cwd":"/home/hobochild/Code/tema/functions","node_version":"10.15.2"} 
[debug] [2020-05-08T10:04:00.313Z] [runtime-status] [14034] Disabled runtime features: undefined 
[debug] [2020-05-08T10:04:00.320Z] [runtime-status] [14034] Resolved module firebase-admin {"declared":true,"installed":true,"version":"8.12.0","resolution":"/home/hobochild/Code/tema/functions/node_modules/firebase-admin/lib/index.js"} 
[debug] [2020-05-08T10:04:00.323Z] [runtime-status] [14034] Resolved module firebase-functions {"declared":true,"installed":true,"version":"3.6.1","resolution":"/home/hobochild/Code/tema/functions/node_modules/firebase-functions/lib/index.js"} 
[debug] [2020-05-08T10:04:00.335Z] [runtime-status] [14034] Outgoing network have been stubbed. [{"name":"http","status":"mocked"},{"name":"http","status":"mocked"},{"name":"https","status":"mocked"},{"name":"https","status":"mocked"},{"name":"net","status":"mocked"}] 
[debug] [2020-05-08T10:04:00.431Z] [runtime-status] [14034] Checked functions.config() {"config":{}} 
[debug] [2020-05-08T10:04:00.433Z] [runtime-status] [14034] Resolved module firebase-functions {"declared":true,"installed":true,"version":"3.6.1","resolution":"/home/hobochild/Code/tema/functions/node_modules/firebase-functions/lib/index.js"} 
[debug] [2020-05-08T10:04:00.437Z] [runtime-status] [14034] Resolved module firebase-admin {"declared":true,"installed":true,"version":"8.12.0","resolution":"/home/hobochild/Code/tema/functions/node_modules/firebase-admin/lib/index.js"} 
[debug] [2020-05-08T10:04:00.438Z] [runtime-status] [14034] Resolved module firebase-functions {"declared":true,"installed":true,"version":"3.6.1","resolution":"/home/hobochild/Code/tema/functions/node_modules/firebase-functions/lib/index.js"} 
[debug] [2020-05-08T10:04:00.440Z] [runtime-status] [14034] firebase-admin has been stubbed. {"adminResolution":{"declared":true,"installed":true,"version":"8.12.0","resolution":"/home/hobochild/Code/tema/functions/node_modules/firebase-admin/lib/index.js"}} 
[warn] ⚠  ReferenceError: myMiddleware is not defined
    at Object.<anonymous> (/home/hobochild/Code/tema/functions/index.js:10:9)
    at Module._compile (internal/modules/cjs/loader.js:689:30)
    at Object.Module._extensions..js (internal/modules/cjs/loader.js:700:10)
    at Module.load (internal/modules/cjs/loader.js:599:32)
    at tryModuleLoad (internal/modules/cjs/loader.js:538:12)
    at Function.Module._load (internal/modules/cjs/loader.js:530:3)
    at Module.require (internal/modules/cjs/loader.js:637:17)
    at require (internal/modules/cjs/helpers.js:22:18)
    at /home/hobochild/Code/tema/node_modules/firebase-tools/lib/emulator/functionsEmulatorRuntime.js:661:33
    at Generator.next (<anonymous>)
[warn] ⚠  We were unable to load your functions code. (see above)
[debug] [2020-05-08T10:04:00.620Z] [worker-helloWorld-f524642d-6cb6-4332-a914-f8d8340aebd6]: exited 
[debug] [2020-05-08T10:04:00.620Z] [worker-helloWorld-f524642d-6cb6-4332-a914-f8d8340aebd6]: FINISHED 
[debug] [2020-05-08T10:04:09.892Z] [work-queue] {"queueLength":1,"workRunningCount":1}
[debug] [2020-05-08T10:04:09.893Z] [work-queue] {"queueLength":0,"workRunningCount":2}
[debug] [2020-05-08T10:04:09.893Z] Accepted request GET /dolos-1/us-central1/helloWorld --> helloWorld
[debug] [2020-05-08T10:04:09.893Z] [worker-pool] Cleaned up workers for helloWorld: 1 --> 0 
[debug] [2020-05-08T10:04:09.914Z] [worker-pool] addWorker(helloWorld) 
[debug] [2020-05-08T10:04:09.914Z] [worker-pool] Adding worker with key helloWorld, total=1 
[debug] [2020-05-08T10:04:09.915Z] [worker-pool] submitWork(triggerId=helloWorld) 
[debug] [2020-05-08T10:04:09.915Z] [worker-helloWorld-7b269495-6e6d-49f5-a0cf-4bbee45e80b5]: Assigning socketPath: /tmp/fire_emu_14047.sock 
[debug] [2020-05-08T10:04:09.915Z] [worker-helloWorld-7b269495-6e6d-49f5-a0cf-4bbee45e80b5]: BUSY 
[debug] [2020-05-08T10:04:11.325Z] [runtime-status] [14047] Functions runtime initialized. {"cwd":"/home/hobochild/Code/tema/functions","node_version":"10.15.2"} 
[debug] [2020-05-08T10:04:11.330Z] [runtime-status] [14047] Disabled runtime features: undefined 
[debug] [2020-05-08T10:04:11.336Z] [runtime-status] [14047] Resolved module firebase-admin {"declared":true,"installed":true,"version":"8.12.0","resolution":"/home/hobochild/Code/tema/functions/node_modules/firebase-admin/lib/index.js"} 
[debug] [2020-05-08T10:04:11.338Z] [runtime-status] [14047] Resolved module firebase-functions {"declared":true,"installed":true,"version":"3.6.1","resolution":"/home/hobochild/Code/tema/functions/node_modules/firebase-functions/lib/index.js"} 
[debug] [2020-05-08T10:04:11.349Z] [runtime-status] [14047] Outgoing network have been stubbed. [{"name":"http","status":"mocked"},{"name":"http","status":"mocked"},{"name":"https","status":"mocked"},{"name":"https","status":"mocked"},{"name":"net","status":"mocked"}] 
[debug] [2020-05-08T10:04:11.441Z] [runtime-status] [14047] Checked functions.config() {"config":{}} 
[debug] [2020-05-08T10:04:11.443Z] [runtime-status] [14047] Resolved module firebase-functions {"declared":true,"installed":true,"version":"3.6.1","resolution":"/home/hobochild/Code/tema/functions/node_modules/firebase-functions/lib/index.js"} 
[debug] [2020-05-08T10:04:11.445Z] [runtime-status] [14047] Resolved module firebase-admin {"declared":true,"installed":true,"version":"8.12.0","resolution":"/home/hobochild/Code/tema/functions/node_modules/firebase-admin/lib/index.js"} 
[debug] [2020-05-08T10:04:11.446Z] [runtime-status] [14047] Resolved module firebase-functions {"declared":true,"installed":true,"version":"3.6.1","resolution":"/home/hobochild/Code/tema/functions/node_modules/firebase-functions/lib/index.js"} 
[debug] [2020-05-08T10:04:11.447Z] [runtime-status] [14047] firebase-admin has been stubbed. {"adminResolution":{"declared":true,"installed":true,"version":"8.12.0","resolution":"/home/hobochild/Code/tema/functions/node_modules/firebase-admin/lib/index.js"}} 
[warn] ⚠  ReferenceError: myMiddleware is not defined
    at Object.<anonymous> (/home/hobochild/Code/tema/functions/index.js:10:9)
    at Module._compile (internal/modules/cjs/loader.js:689:30)
    at Object.Module._extensions..js (internal/modules/cjs/loader.js:700:10)
    at Module.load (internal/modules/cjs/loader.js:599:32)
    at tryModuleLoad (internal/modules/cjs/loader.js:538:12)
    at Function.Module._load (internal/modules/cjs/loader.js:530:3)
    at Module.require (internal/modules/cjs/loader.js:637:17)
    at require (internal/modules/cjs/helpers.js:22:18)
    at /home/hobochild/Code/tema/node_modules/firebase-tools/lib/emulator/functionsEmulatorRuntime.js:661:33
    at Generator.next (<anonymous>)
[warn] ⚠  We were unable to load your functions code. (see above)
[debug] [2020-05-08T10:04:11.622Z] [worker-helloWorld-7b269495-6e6d-49f5-a0cf-4bbee45e80b5]: exited 
[debug] [2020-05-08T10:04:11.624Z] [worker-helloWorld-7b269495-6e6d-49f5-a0cf-4bbee45e80b5]: FINISHED 
[debug] [2020-05-08T10:04:30.118Z] File /home/hobochild/Code/tema/functions/index.js changed, reloading triggers 
[debug] [2020-05-08T10:04:31.119Z] [worker-pool] Cleaned up workers for helloWorld: 1 --> 0 
[debug] [2020-05-08T10:04:31.133Z] [worker-pool] addWorker(~diagnostic~) 
[debug] [2020-05-08T10:04:31.133Z] [worker-pool] Adding worker with key ~diagnostic~, total=1 
[debug] [2020-05-08T10:04:31.134Z] [worker-pool] submitWork(triggerId=) 
[debug] [2020-05-08T10:04:31.134Z] [worker-~diagnostic~-85c4a462-bf45-414b-9ba5-2b886bf146e4]: Assigning socketPath: /tmp/fire_emu_14081.sock 
[debug] [2020-05-08T10:04:31.135Z] [worker-~diagnostic~-85c4a462-bf45-414b-9ba5-2b886bf146e4]: BUSY 
[debug] [2020-05-08T10:04:32.509Z] [runtime-status] [14081] Functions runtime initialized. {"cwd":"/home/hobochild/Code/tema/functions","node_version":"10.15.2"} 
[debug] [2020-05-08T10:04:32.514Z] [runtime-status] [14081] Disabled runtime features: undefined 
[debug] [2020-05-08T10:04:32.520Z] [runtime-status] [14081] Resolved module firebase-admin {"declared":true,"installed":true,"version":"8.12.0","resolution":"/home/hobochild/Code/tema/functions/node_modules/firebase-admin/lib/index.js"} 
[debug] [2020-05-08T10:04:32.522Z] [runtime-status] [14081] Resolved module firebase-functions {"declared":true,"installed":true,"version":"3.6.1","resolution":"/home/hobochild/Code/tema/functions/node_modules/firebase-functions/lib/index.js"} 
[debug] [2020-05-08T10:04:32.533Z] [runtime-status] [14081] Outgoing network have been stubbed. [{"name":"http","status":"mocked"},{"name":"http","status":"mocked"},{"name":"https","status":"mocked"},{"name":"https","status":"mocked"},{"name":"net","status":"mocked"}] 
[debug] [2020-05-08T10:04:32.625Z] [runtime-status] [14081] Checked functions.config() {"config":{}} 
[debug] [2020-05-08T10:04:32.627Z] [runtime-status] [14081] Resolved module firebase-functions {"declared":true,"installed":true,"version":"3.6.1","resolution":"/home/hobochild/Code/tema/functions/node_modules/firebase-functions/lib/index.js"} 
[debug] [2020-05-08T10:04:32.631Z] [runtime-status] [14081] Resolved module firebase-admin {"declared":true,"installed":true,"version":"8.12.0","resolution":"/home/hobochild/Code/tema/functions/node_modules/firebase-admin/lib/index.js"} 
[debug] [2020-05-08T10:04:32.631Z] [runtime-status] [14081] Resolved module firebase-functions {"declared":true,"installed":true,"version":"3.6.1","resolution":"/home/hobochild/Code/tema/functions/node_modules/firebase-functions/lib/index.js"} 
[debug] [2020-05-08T10:04:32.632Z] [runtime-status] [14081] firebase-admin has been stubbed. {"adminResolution":{"declared":true,"installed":true,"version":"8.12.0","resolution":"/home/hobochild/Code/tema/functions/node_modules/firebase-admin/lib/index.js"}} 
[debug] [2020-05-08T10:04:32.796Z] [worker-~diagnostic~-85c4a462-bf45-414b-9ba5-2b886bf146e4]: IDLE 
[info] ✔  functions[widgets]: http function initialized (http://localhost:5001/dolos-1/us-central1/widgets).
[debug] [2020-05-08T10:04:39.216Z] File /home/hobochild/Code/tema/functions/index.js changed, reloading triggers 
[debug] [2020-05-08T10:04:40.217Z] [worker-pool] Shutting down IDLE worker (~diagnostic~) 
[debug] [2020-05-08T10:04:40.217Z] [worker-~diagnostic~-85c4a462-bf45-414b-9ba5-2b886bf146e4]: FINISHING 
[debug] [2020-05-08T10:04:40.231Z] [worker-pool] addWorker(~diagnostic~) 
[debug] [2020-05-08T10:04:40.231Z] [worker-pool] Adding worker with key ~diagnostic~, total=2 
[debug] [2020-05-08T10:04:40.231Z] [worker-pool] submitWork(triggerId=) 
[debug] [2020-05-08T10:04:40.232Z] [worker-~diagnostic~-1b5dd756-64b6-4282-adb9-b0823b7803d1]: Assigning socketPath: /tmp/fire_emu_14143.sock 
[debug] [2020-05-08T10:04:40.232Z] [worker-~diagnostic~-1b5dd756-64b6-4282-adb9-b0823b7803d1]: BUSY 
[debug] [2020-05-08T10:04:40.234Z] [worker-~diagnostic~-85c4a462-bf45-414b-9ba5-2b886bf146e4]: exited 
[debug] [2020-05-08T10:04:40.234Z] [worker-~diagnostic~-85c4a462-bf45-414b-9ba5-2b886bf146e4]: FINISHED 
[debug] [2020-05-08T10:04:41.638Z] [runtime-status] [14143] Functions runtime initialized. {"cwd":"/home/hobochild/Code/tema/functions","node_version":"10.15.2"} 
[debug] [2020-05-08T10:04:41.643Z] [runtime-status] [14143] Disabled runtime features: undefined 
[debug] [2020-05-08T10:04:41.649Z] [runtime-status] [14143] Resolved module firebase-admin {"declared":true,"installed":true,"version":"8.12.0","resolution":"/home/hobochild/Code/tema/functions/node_modules/firebase-admin/lib/index.js"} 
[debug] [2020-05-08T10:04:41.651Z] [runtime-status] [14143] Resolved module firebase-functions {"declared":true,"installed":true,"version":"3.6.1","resolution":"/home/hobochild/Code/tema/functions/node_modules/firebase-functions/lib/index.js"} 
[debug] [2020-05-08T10:04:41.662Z] [runtime-status] [14143] Outgoing network have been stubbed. [{"name":"http","status":"mocked"},{"name":"http","status":"mocked"},{"name":"https","status":"mocked"},{"name":"https","status":"mocked"},{"name":"net","status":"mocked"}] 
[debug] [2020-05-08T10:04:41.755Z] [runtime-status] [14143] Checked functions.config() {"config":{}} 
[debug] [2020-05-08T10:04:41.757Z] [runtime-status] [14143] Resolved module firebase-functions {"declared":true,"installed":true,"version":"3.6.1","resolution":"/home/hobochild/Code/tema/functions/node_modules/firebase-functions/lib/index.js"} 
[debug] [2020-05-08T10:04:41.759Z] [runtime-status] [14143] Resolved module firebase-admin {"declared":true,"installed":true,"version":"8.12.0","resolution":"/home/hobochild/Code/tema/functions/node_modules/firebase-admin/lib/index.js"} 
[debug] [2020-05-08T10:04:41.761Z] [runtime-status] [14143] Resolved module firebase-functions {"declared":true,"installed":true,"version":"3.6.1","resolution":"/home/hobochild/Code/tema/functions/node_modules/firebase-functions/lib/index.js"} 
[debug] [2020-05-08T10:04:41.762Z] [runtime-status] [14143] firebase-admin has been stubbed. {"adminResolution":{"declared":true,"installed":true,"version":"8.12.0","resolution":"/home/hobochild/Code/tema/functions/node_modules/firebase-admin/lib/index.js"}} 
[debug] [2020-05-08T10:04:41.919Z] [worker-~diagnostic~-1b5dd756-64b6-4282-adb9-b0823b7803d1]: IDLE 
[debug] [2020-05-08T10:04:42.532Z] File /home/hobochild/Code/tema/functions/index.js changed, reloading triggers 
[debug] [2020-05-08T10:04:43.533Z] [worker-pool] Shutting down IDLE worker (~diagnostic~) 
[debug] [2020-05-08T10:04:43.533Z] [worker-~diagnostic~-1b5dd756-64b6-4282-adb9-b0823b7803d1]: FINISHING 
[debug] [2020-05-08T10:04:43.534Z] [worker-pool] Cleaned up workers for ~diagnostic~: 2 --> 1 
[debug] [2020-05-08T10:04:43.548Z] [worker-pool] addWorker(~diagnostic~) 
[debug] [2020-05-08T10:04:43.549Z] [worker-pool] Adding worker with key ~diagnostic~, total=2 
[debug] [2020-05-08T10:04:43.549Z] [worker-pool] submitWork(triggerId=) 
[debug] [2020-05-08T10:04:43.549Z] [worker-~diagnostic~-fb53e8cb-065a-4c9f-859c-040124546d8c]: Assigning socketPath: /tmp/fire_emu_14159.sock 
[debug] [2020-05-08T10:04:43.550Z] [worker-~diagnostic~-fb53e8cb-065a-4c9f-859c-040124546d8c]: BUSY 
[debug] [2020-05-08T10:04:43.555Z] [worker-~diagnostic~-1b5dd756-64b6-4282-adb9-b0823b7803d1]: exited 
[debug] [2020-05-08T10:04:43.556Z] [worker-~diagnostic~-1b5dd756-64b6-4282-adb9-b0823b7803d1]: FINISHED 
[debug] [2020-05-08T10:04:44.938Z] [runtime-status] [14159] Functions runtime initialized. {"cwd":"/home/hobochild/Code/tema/functions","node_version":"10.15.2"} 
[debug] [2020-05-08T10:04:44.943Z] [runtime-status] [14159] Disabled runtime features: undefined 
[debug] [2020-05-08T10:04:44.948Z] [runtime-status] [14159] Resolved module firebase-admin {"declared":true,"installed":true,"version":"8.12.0","resolution":"/home/hobochild/Code/tema/functions/node_modules/firebase-admin/lib/index.js"} 
[debug] [2020-05-08T10:04:44.951Z] [runtime-status] [14159] Resolved module firebase-functions {"declared":true,"installed":true,"version":"3.6.1","resolution":"/home/hobochild/Code/tema/functions/node_modules/firebase-functions/lib/index.js"} 
[debug] [2020-05-08T10:04:44.962Z] [runtime-status] [14159] Outgoing network have been stubbed. [{"name":"http","status":"mocked"},{"name":"http","status":"mocked"},{"name":"https","status":"mocked"},{"name":"https","status":"mocked"},{"name":"net","status":"mocked"}] 
[debug] [2020-05-08T10:04:45.058Z] [runtime-status] [14159] Checked functions.config() {"config":{}} 
[debug] [2020-05-08T10:04:45.060Z] [runtime-status] [14159] Resolved module firebase-functions {"declared":true,"installed":true,"version":"3.6.1","resolution":"/home/hobochild/Code/tema/functions/node_modules/firebase-functions/lib/index.js"} 
[debug] [2020-05-08T10:04:45.063Z] [runtime-status] [14159] Resolved module firebase-admin {"declared":true,"installed":true,"version":"8.12.0","resolution":"/home/hobochild/Code/tema/functions/node_modules/firebase-admin/lib/index.js"} 
[debug] [2020-05-08T10:04:45.064Z] [runtime-status] [14159] Resolved module firebase-functions {"declared":true,"installed":true,"version":"3.6.1","resolution":"/home/hobochild/Code/tema/functions/node_modules/firebase-functions/lib/index.js"} 
[debug] [2020-05-08T10:04:45.065Z] [runtime-status] [14159] firebase-admin has been stubbed. {"adminResolution":{"declared":true,"installed":true,"version":"8.12.0","resolution":"/home/hobochild/Code/tema/functions/node_modules/firebase-admin/lib/index.js"}} 
[debug] [2020-05-08T10:04:45.229Z] [worker-~diagnostic~-fb53e8cb-065a-4c9f-859c-040124546d8c]: IDLE 
[debug] [2020-05-08T10:04:51.946Z] File /home/hobochild/Code/tema/functions/index.js changed, reloading triggers 
[debug] [2020-05-08T10:04:52.947Z] [worker-pool] Shutting down IDLE worker (~diagnostic~) 
[debug] [2020-05-08T10:04:52.948Z] [worker-~diagnostic~-fb53e8cb-065a-4c9f-859c-040124546d8c]: FINISHING 
[debug] [2020-05-08T10:04:52.949Z] [worker-pool] Cleaned up workers for ~diagnostic~: 2 --> 1 
[debug] [2020-05-08T10:04:52.964Z] [worker-pool] addWorker(~diagnostic~) 
[debug] [2020-05-08T10:04:52.965Z] [worker-pool] Adding worker with key ~diagnostic~, total=2 
[debug] [2020-05-08T10:04:52.965Z] [worker-pool] submitWork(triggerId=) 
[debug] [2020-05-08T10:04:52.965Z] [worker-~diagnostic~-0289b679-9032-4c31-91b3-fb82754fa1b8]: Assigning socketPath: /tmp/fire_emu_14199.sock 
[debug] [2020-05-08T10:04:52.966Z] [worker-~diagnostic~-0289b679-9032-4c31-91b3-fb82754fa1b8]: BUSY 
[debug] [2020-05-08T10:04:52.967Z] [worker-~diagnostic~-fb53e8cb-065a-4c9f-859c-040124546d8c]: exited 
[debug] [2020-05-08T10:04:52.968Z] [worker-~diagnostic~-fb53e8cb-065a-4c9f-859c-040124546d8c]: FINISHED 
[debug] [2020-05-08T10:04:54.417Z] [runtime-status] [14199] Functions runtime initialized. {"cwd":"/home/hobochild/Code/tema/functions","node_version":"10.15.2"} 
[debug] [2020-05-08T10:04:54.421Z] [runtime-status] [14199] Disabled runtime features: undefined 
[debug] [2020-05-08T10:04:54.427Z] [runtime-status] [14199] Resolved module firebase-admin {"declared":true,"installed":true,"version":"8.12.0","resolution":"/home/hobochild/Code/tema/functions/node_modules/firebase-admin/lib/index.js"} 
[debug] [2020-05-08T10:04:54.429Z] [runtime-status] [14199] Resolved module firebase-functions {"declared":true,"installed":true,"version":"3.6.1","resolution":"/home/hobochild/Code/tema/functions/node_modules/firebase-functions/lib/index.js"} 
[debug] [2020-05-08T10:04:54.440Z] [runtime-status] [14199] Outgoing network have been stubbed. [{"name":"http","status":"mocked"},{"name":"http","status":"mocked"},{"name":"https","status":"mocked"},{"name":"https","status":"mocked"},{"name":"net","status":"mocked"}] 
[debug] [2020-05-08T10:04:54.536Z] [runtime-status] [14199] Checked functions.config() {"config":{}} 
[debug] [2020-05-08T10:04:54.538Z] [runtime-status] [14199] Resolved module firebase-functions {"declared":true,"installed":true,"version":"3.6.1","resolution":"/home/hobochild/Code/tema/functions/node_modules/firebase-functions/lib/index.js"} 
[debug] [2020-05-08T10:04:54.541Z] [runtime-status] [14199] Resolved module firebase-admin {"declared":true,"installed":true,"version":"8.12.0","resolution":"/home/hobochild/Code/tema/functions/node_modules/firebase-admin/lib/index.js"} 
[debug] [2020-05-08T10:04:54.542Z] [runtime-status] [14199] Resolved module firebase-functions {"declared":true,"installed":true,"version":"3.6.1","resolution":"/home/hobochild/Code/tema/functions/node_modules/firebase-functions/lib/index.js"} 
[debug] [2020-05-08T10:04:54.543Z] [runtime-status] [14199] firebase-admin has been stubbed. {"adminResolution":{"declared":true,"installed":true,"version":"8.12.0","resolution":"/home/hobochild/Code/tema/functions/node_modules/firebase-admin/lib/index.js"}} 
[info] ✔  functions[api]: http function initialized (http://localhost:5001/dolos-1/us-central1/api).
[debug] [2020-05-08T10:04:54.705Z] [worker-~diagnostic~-0289b679-9032-4c31-91b3-fb82754fa1b8]: IDLE 
[debug] [2020-05-08T10:05:07.664Z] [work-queue] {"queueLength":1,"workRunningCount":2}
[debug] [2020-05-08T10:05:07.665Z] [work-queue] {"queueLength":0,"workRunningCount":3}
[debug] [2020-05-08T10:05:07.665Z] Accepted request GET /dolos-1/us-central1/api --> api
[debug] [2020-05-08T10:05:07.665Z] [worker-pool] Cleaned up workers for ~diagnostic~: 2 --> 1 
[debug] [2020-05-08T10:05:07.679Z] [worker-pool] addWorker(api) 
[debug] [2020-05-08T10:05:07.679Z] [worker-pool] Adding worker with key api, total=1 
[debug] [2020-05-08T10:05:07.679Z] [worker-pool] submitWork(triggerId=api) 
[debug] [2020-05-08T10:05:07.679Z] [worker-api-1d7e915a-94af-45af-9f7e-120e6ee21332]: Assigning socketPath: /tmp/fire_emu_14263.sock 
[debug] [2020-05-08T10:05:07.680Z] [worker-api-1d7e915a-94af-45af-9f7e-120e6ee21332]: BUSY 
[debug] [2020-05-08T10:05:09.132Z] [runtime-status] [14263] Functions runtime initialized. {"cwd":"/home/hobochild/Code/tema/functions","node_version":"10.15.2"} 
[debug] [2020-05-08T10:05:09.136Z] [runtime-status] [14263] Disabled runtime features: undefined 
[debug] [2020-05-08T10:05:09.142Z] [runtime-status] [14263] Resolved module firebase-admin {"declared":true,"installed":true,"version":"8.12.0","resolution":"/home/hobochild/Code/tema/functions/node_modules/firebase-admin/lib/index.js"} 
[debug] [2020-05-08T10:05:09.144Z] [runtime-status] [14263] Resolved module firebase-functions {"declared":true,"installed":true,"version":"3.6.1","resolution":"/home/hobochild/Code/tema/functions/node_modules/firebase-functions/lib/index.js"} 
[debug] [2020-05-08T10:05:09.155Z] [runtime-status] [14263] Outgoing network have been stubbed. [{"name":"http","status":"mocked"},{"name":"http","status":"mocked"},{"name":"https","status":"mocked"},{"name":"https","status":"mocked"},{"name":"net","status":"mocked"}] 
[debug] [2020-05-08T10:05:09.248Z] [runtime-status] [14263] Checked functions.config() {"config":{}} 
[debug] [2020-05-08T10:05:09.250Z] [runtime-status] [14263] Resolved module firebase-functions {"declared":true,"installed":true,"version":"3.6.1","resolution":"/home/hobochild/Code/tema/functions/node_modules/firebase-functions/lib/index.js"} 
[debug] [2020-05-08T10:05:09.253Z] [runtime-status] [14263] Resolved module firebase-admin {"declared":true,"installed":true,"version":"8.12.0","resolution":"/home/hobochild/Code/tema/functions/node_modules/firebase-admin/lib/index.js"} 
[debug] [2020-05-08T10:05:09.254Z] [runtime-status] [14263] Resolved module firebase-functions {"declared":true,"installed":true,"version":"3.6.1","resolution":"/home/hobochild/Code/tema/functions/node_modules/firebase-functions/lib/index.js"} 
[debug] [2020-05-08T10:05:09.255Z] [runtime-status] [14263] firebase-admin has been stubbed. {"adminResolution":{"declared":true,"installed":true,"version":"8.12.0","resolution":"/home/hobochild/Code/tema/functions/node_modules/firebase-admin/lib/index.js"}} 
[debug] [2020-05-08T10:05:09.409Z] [runtime-status] [14263] Trigger "api" has been found, beginning invocation! 
[info] i  functions: Beginning execution of "api"
[debug] [2020-05-08T10:05:09.411Z] [runtime-status] [14263] triggerDefinition {"httpsTrigger":{},"name":"api","entryPoint":"api"} 
[debug] [2020-05-08T10:05:09.412Z] [runtime-status] [14263] Running api in mode HTTPS 
[debug] [2020-05-08T10:05:09.461Z] [runtime-status] [14263] Attempting to listen to socketPath: /tmp/fire_emu_14263.sock 
[debug] [2020-05-08T10:05:09.469Z] [functions] Runtime ready! Sending request! 
[debug] [2020-05-08T10:05:09.485Z] [runtime-status] [14263] Ephemeral server handling GET request 
[debug] [2020-05-08T10:05:09.505Z] [runtime-status] [14263] Ephemeral server survived. 
[info] i  functions: Finished "api" in ~1s
[debug] [2020-05-08T10:05:09.512Z] [worker-api-1d7e915a-94af-45af-9f7e-120e6ee21332]: IDLE 
[debug] [2020-05-08T10:05:09.512Z] [work-queue] {"queueLength":0,"workRunningCount":2}
